<?xml version="1.0" encoding="UTF-8"?>
<!-- Generated by org.testng.reporters.JUnitReportReporter -->
<testsuite hostname="Sony-PC" name="pack1.SampleTest" tests="3" failures="0" timestamp="3 Mar 2016 12:59:28 GMT" time="0.013" errors="0">
  <testcase name="searchTest" time="0.006" classname="pack1.SampleTest"/>
  <testcase name="buyProductsTest" time="0.004" classname="pack1.SampleTest"/>
  <testcase name="advSearchTest" time="0.003" classname="pack1.SampleTest"/>
</testsuite> <!-- pack1.SampleTest -->
