<?xml version="1.0" encoding="UTF-8"?>
<!-- Generated by org.testng.reporters.JUnitReportReporter -->
<testsuite hostname="Sony-PC" name="pack2.ExampleTest" tests="3" failures="0" timestamp="3 Mar 2016 12:59:28 GMT" time="0.034" errors="0">
  <testcase name="accountTransferTest" time="0.002" classname="pack2.ExampleTest"/>
  <testcase name="accountSummaryTest" time="0.002" classname="pack2.ExampleTest"/>
  <testcase name="accountBalanceTest" time="0.030" classname="pack2.ExampleTest"/>
</testsuite> <!-- pack2.ExampleTest -->
