<?xml version="1.0" encoding="UTF-8"?>
<!-- Generated by org.testng.reporters.JUnitReportReporter -->
<testsuite hostname="Sony-PC" name="com.secondarybrowser.CloseSecondaryBrowser" tests="1" failures="0" timestamp="17 Mar 2016 19:04:32 GMT" time="21.045" errors="0">
  <testcase name="onlySecondaryBrowsersClose" time="21.045" classname="com.secondarybrowser.CloseSecondaryBrowser"/>
</testsuite> <!-- com.secondarybrowser.CloseSecondaryBrowser -->
