<?xml version="1.0" encoding="UTF-8"?>
<!-- Generated by org.testng.reporters.JUnitReportReporter -->
<testsuite hostname="Sony-PC" name="divpopup.HandleDivPopUp" tests="1" failures="0" timestamp="17 Mar 2016 12:58:22 GMT" time="37.637" errors="0">
  <testcase name="divPopUpTest" time="37.637" classname="divpopup.HandleDivPopUp"/>
</testsuite> <!-- divpopup.HandleDivPopUp -->
