<?xml version="1.0" encoding="UTF-8"?>
<!-- Generated by org.testng.reporters.JUnitReportReporter -->
<testsuite hostname="Sony-PC" name="com.secondarybrowser.SecondaryBrowserHAndle" tests="1" failures="0" timestamp="17 Mar 2016 18:08:07 GMT" time="319.991" errors="0">
  <testcase name="handleSecondaryBrowserTest" time="319.991" classname="com.secondarybrowser.SecondaryBrowserHAndle"/>
</testsuite> <!-- com.secondarybrowser.SecondaryBrowserHAndle -->
