<?xml version="1.0" encoding="UTF-8"?>
<!-- Generated by org.testng.reporters.JUnitReportReporter -->
<testsuite hostname="Sony-PC" name="demo.TestActitime" tests="1" failures="0" timestamp="16 Jun 2016 15:18:00 GMT" time="0.047" errors="0">
  <testcase name="testConfig" time="0.047" classname="demo.TestActitime"/>
</testsuite> <!-- demo.TestActitime -->
