<?xml version="1.0" encoding="UTF-8"?>
<!-- Generated by org.testng.reporters.JUnitReportReporter -->
<testsuite hostname="Sony-PC" name="demo.TestSeleniumInChrome" tests="1" failures="0" timestamp="16 Jun 2016 15:51:46 GMT" time="11.560" errors="0">
  <testcase name="testchrome" time="11.560" classname="demo.TestSeleniumInChrome"/>
</testsuite> <!-- demo.TestSeleniumInChrome -->
