<?xml version="1.0" encoding="UTF-8"?>
<!-- Generated by org.testng.reporters.JUnitReportReporter -->
<testsuite hostname="Sony-PC" name="forpassed.ActiPassedScreenShot" tests="1" failures="0" timestamp="21 Mar 2016 15:43:55 GMT" time="17.582" errors="0">
  <testcase name="takingScreenShot" time="17.582" classname="forpassed.ActiPassedScreenShot"/>
</testsuite> <!-- forpassed.ActiPassedScreenShot -->
