<?xml version="1.0" encoding="UTF-8"?>
<!-- Generated by org.testng.reporters.JUnitReportReporter -->
<testsuite hostname="Sony-PC" name="forpassed.Actitime" tests="1" failures="0" timestamp="21 Mar 2016 16:30:45 GMT" time="19.670" errors="0">
  <testcase name="testingScreenshot" time="19.670" classname="forpassed.Actitime"/>
</testsuite> <!-- forpassed.Actitime -->
