<?xml version="1.0" encoding="UTF-8"?>
<!-- Generated by org.testng.reporters.JUnitReportReporter -->
<testsuite hostname="Bibhuti-PC" name="demo.Browser" tests="1" failures="0" timestamp="4 Jun 2017 13:45:32 GMT" time="15.801" errors="0">
  <testcase name="browserTest" time="15.801" classname="demo.Browser"/>
</testsuite> <!-- demo.Browser -->
