<?xml version="1.0" encoding="UTF-8"?>
<!-- Generated by org.testng.reporters.JUnitReportReporter -->
<testsuite hostname="Sony-PC" name="demo.LoginActitime" tests="2" failures="0" timestamp="3 Mar 2016 18:25:15 GMT" time="30.185" errors="0">
  <testcase name="testCase" time="0.002" classname="demo.LoginActitime"/>
  <testcase name="logInUsTest" time="30.183" classname="demo.LoginActitime"/>
</testsuite> <!-- demo.LoginActitime -->
