<?xml version="1.0" encoding="UTF-8"?>
<!-- Generated by org.testng.reporters.JUnitReportReporter -->
<testsuite hostname="Sony-PC" name="demo.Login" tests="3" failures="0" timestamp="3 Mar 2016 08:26:23 GMT" time="27.791" errors="0">
  <testcase name="testCase" time="0.002" classname="demo.Login"/>
  <testcase name="logInTest" time="11.736" classname="demo.Login"/>
  <testcase name="logInUsingFirefoxTest" time="16.053" classname="demo.Login"/>
</testsuite> <!-- demo.Login -->
