<?xml version="1.0" encoding="UTF-8"?>
<!-- Generated by org.testng.reporters.JUnitReportReporter -->
<testsuite hostname="Sony-PC" name="practice.ReadAllVAlues" tests="1" failures="0" timestamp="18 Mar 2016 18:36:13 GMT" time="1.576" errors="0">
  <testcase name="readingAllValues" time="1.576" classname="practice.ReadAllVAlues"/>
</testsuite> <!-- practice.ReadAllVAlues -->
