<?xml version="1.0" encoding="UTF-8"?>
<!-- Generated by org.testng.reporters.JUnitReportReporter -->
<testsuite hostname="Sony-PC" name="demo.ExcelEx" tests="1" failures="0" timestamp="18 Mar 2016 11:02:24 GMT" time="1.852" errors="0">
  <testcase name="readingEX" time="1.852" classname="demo.ExcelEx"/>
</testsuite> <!-- demo.ExcelEx -->
