<?xml version="1.0" encoding="UTF-8"?>
<!-- Generated by org.testng.reporters.JUnitReportReporter -->
<testsuite hostname="Sony-PC" name="practice.ReadExcel" tests="1" failures="0" timestamp="18 Mar 2016 14:18:22 GMT" time="1.320" errors="0">
  <testcase name="readingExcel" time="1.320" classname="practice.ReadExcel"/>
</testsuite> <!-- practice.ReadExcel -->
