<?xml version="1.0" encoding="UTF-8"?>
<!-- Generated by org.testng.reporters.JUnitReportReporter -->
<testsuite hostname="DEEPU-PC" name="com.acttime.customertest.CustomerTest" tests="2" failures="0" timestamp="4 Dec 2015 15:09:31 GMT" time="8.779" errors="0">
  <testcase name="modifyCustomerTest" time="5.291" classname="com.acttime.customertest.CustomerTest"/>
  <testcase name="createCustomerTest" time="3.488" classname="com.acttime.customertest.CustomerTest"/>
</testsuite> <!-- com.acttime.customertest.CustomerTest -->
