<?xml version="1.0" encoding="UTF-8"?>
<!-- Generated by org.testng.reporters.JUnitReportReporter -->
<testsuite hostname="Sony-PC" name="com.test.FirstTest" tests="1" failures="0" timestamp="6 Jun 2016 20:28:08 GMT" time="52.234" errors="0">
  <testcase name="tc_01" time="52.234" classname="com.test.FirstTest"/>
</testsuite> <!-- com.test.FirstTest -->
