<?xml version="1.0" encoding="UTF-8"?>
<!-- Generated by org.testng.reporters.JUnitReportReporter -->
<testsuite hostname="Sony-PC" name="com.testcases.RightClickOperation" tests="1" failures="0" timestamp="17 Mar 2016 07:18:30 GMT" time="48.840" errors="0">
  <testcase name="flipkartTest" time="48.840" classname="com.testcases.RightClickOperation"/>
</testsuite> <!-- com.testcases.RightClickOperation -->
