<?xml version="1.0" encoding="UTF-8"?>
<!-- Generated by org.testng.reporters.JUnitReportReporter -->
<testsuite hostname="Sony-PC" name="com.testcases.HandlingDropDownMenu" tests="1" failures="0" timestamp="26 Mar 2016 13:31:01 GMT" time="53.468" errors="0">
  <testcase name="yatraTest" time="53.468" classname="com.testcases.HandlingDropDownMenu"/>
</testsuite> <!-- com.testcases.HandlingDropDownMenu -->
