<?xml version="1.0" encoding="UTF-8"?>
<!-- Generated by org.testng.reporters.JUnitReportReporter -->
<testsuite hostname="Sony-PC" name="com.testcases.MoveToElement" tests="1" failures="0" timestamp="17 Mar 2016 06:41:28 GMT" time="74.393" errors="0">
  <testcase name="monsterTest" time="74.393" classname="com.testcases.MoveToElement"/>
</testsuite> <!-- com.testcases.MoveToElement -->
