<?xml version="1.0" encoding="UTF-8"?>
<!-- Generated by org.testng.reporters.JUnitReportReporter -->
<testsuite hostname="DEEPU-PC" name="com.actitime.usertest.USerTest" tests="2" failures="0" timestamp="4 Dec 2015 15:09:31 GMT" time="11.752" errors="0">
  <testcase name="modifyUSerTest" time="3.429" classname="com.actitime.usertest.USerTest"/>
  <testcase name="createUserTest" time="8.323" classname="com.actitime.usertest.USerTest"/>
</testsuite> <!-- com.actitime.usertest.USerTest -->
