<?xml version="1.0" encoding="UTF-8"?>
<!-- Generated by org.testng.reporters.JUnitReportReporter -->
<testsuite hostname="Sony-PC" name="demo.ToolTipCapture" tests="1" failures="0" timestamp="16 May 2016 20:05:19 GMT" time="35.715" errors="0">
  <testcase name="capture" time="35.715" classname="demo.ToolTipCapture"/>
</testsuite> <!-- demo.ToolTipCapture -->
